19.12.2022 13:34:25:   (20+3j)+(5+4j) = 25+7j

19.12.2022 13:43:08:   (5+2j)-(2+6j) = 3-4j

19.12.2022 13:44:46:   (5+4j)-(2+3j) = 3+1j

19.12.2022 13:46:00:   3+5 = 8.0

19.12.2022 13:46:18:   (2+4j)+(2-3j) = 4+1j

19.12.2022 13:48:13:   (2+5j)-(5+6j) = -3-1j

19.12.2022 13:51:38:   (3+5j)-(5+5j) = -2+0j

19.12.2022 13:53:18:   (5+3j)+(6-2j) = (11+1j)

19.12.2022 13:55:10:   (5+4j)-(6-2j) = (-1+6j)

19.12.2022 13:58:27:   √25 = 5.0

19.12.2022 14:00:04:   √25 = 5.0

19.12.2022 14:00:34:   (25+5j)+(4+2j) = 29+7j

19.12.2022 14:00:56:   (15-2j)+(3+5j) = 18+3j

19.12.2022 14:07:01:   (20+3j)+(5+4j) = 25+7j

19.12.2022 14:09:05:   (5+3j)+(2+3j) = 7+6j

19.12.2022 14:09:51:   (25-5j)-(15+5j) = 10-10j

19.12.2022 14:10:24:   (25+2j)*(4+5j) = 90+133j

19.12.2022 14:10:43:   3+5 = 8.0

19.12.2022 14:23:06:   25+15 = 40.0

19.12.2022 14:23:15:   15+46 = 61.0

19.12.2022 14:38:28:   3+5 = 8.0

19.12.2022 14:38:33:   25*6 = 150.0

19.12.2022 14:38:41:   √625 = 25.0

19.12.2022 14:38:59:   (25+5j)-(5-4j) = 20+9j

19.12.2022 14:41:06:   5%50 = 10.0

19.12.2022 14:41:13:   10%150 = 6.66

19.12.2022 14:42:10:   10%100 = 10.0

19.12.2022 14:42:16:   15%320 = 4.69

19.12.2022 14:42:32:   5%50 = 10.0

19.12.2022 15:57:13:   (2+3j)*(2+5j) = -11+16j

19.12.2022 16:41:21:   45+5 = 50.0

19.12.2022 16:41:27:   25*6 = 150.0

19.12.2022 22:18:29:   (5+3j)*(2-3j) = 19-9j

20.12.2022 20:06:33:   1+2-3*5+56+5 = 49.0

20.12.2022 20:07:14:   5%50 = 10.0

20.12.2022 20:07:21:   √625 = 25.0

20.12.2022 20:07:46:   (5+6j)-(6+3j) = -1+3j

06.03.2023 00:05:43:   9*6 = 54.0

06.03.2023 00:05:48:   5+6 = 11.0

06.03.2023 00:07:40:   8%6 = 133.33

06.03.2023 00:10:34:   9*5 = 45.0

06.03.2023 00:12:01:   12*3 = 36.0

06.03.2023 00:13:29:   15+26 = 41.0

06.03.2023 00:14:39:   456-254 = 202.0

06.03.2023 00:14:58:   √81 = 9.0

06.03.2023 00:15:03:   8%9 = 88.89

